2019-03-25 17:39:17.362 +06 [12880] –û–®–ò–ë–ö–ê:  –æ—Ç–Ω–æ—à–µ–Ω–∏–µ "public.__MigrationHistory" –Ω–µ —Å—É—â–µ—Å—Ç–≤—É–µ—Ç (—Å–∏–º–≤–æ–ª 82)
2019-03-25 17:39:17.362 +06 [12880] –û–ü–ï–†–ê–¢–û–†:  SELECT "GroupBy1"."A1" AS "C1" FROM (SELECT CAST (count(1) AS int4) AS "A1" FROM "public"."__MigrationHistory" AS "Extent1" WHERE "Extent1"."ContextKey" = (('Chat.Models.ChatDbContext'))) AS "GroupBy1"
2019-03-25 17:39:17.397 +06 [12880] –û–®–ò–ë–ö–ê:  –æ—Ç–Ω–æ—à–µ–Ω–∏–µ "public.__MigrationHistory" –Ω–µ —Å—É—â–µ—Å—Ç–≤—É–µ—Ç (—Å–∏–º–≤–æ–ª 82)
2019-03-25 17:39:17.397 +06 [12880] –û–ü–ï–†–ê–¢–û–†:  SELECT "GroupBy1"."A1" AS "C1" FROM (SELECT CAST (count(1) AS int4) AS "A1" FROM "public"."__MigrationHistory" AS "Extent1") AS "GroupBy1"
2019-03-25 17:39:17.421 +06 [12880] –û–®–ò–ë–ö–ê:  –æ—Ç–Ω–æ—à–µ–Ω–∏–µ "dbo.__MigrationHistory" –Ω–µ —Å—É—â–µ—Å—Ç–≤—É–µ—Ç (—Å–∏–º–≤–æ–ª 82)
2019-03-25 17:39:17.421 +06 [12880] –û–ü–ï–†–ê–¢–û–†:  SELECT "GroupBy1"."A1" AS "C1" FROM (SELECT CAST (count(1) AS int4) AS "A1" FROM "dbo"."__MigrationHistory" AS "Extent1" WHERE "Extent1"."ContextKey" = (('Chat.Models.ChatDbContext'))) AS "GroupBy1"
2019-03-25 17:39:17.427 +06 [12880] –û–®–ò–ë–ö–ê:  –æ—Ç–Ω–æ—à–µ–Ω–∏–µ "dbo.__MigrationHistory" –Ω–µ —Å—É—â–µ—Å—Ç–≤—É–µ—Ç (—Å–∏–º–≤–æ–ª 82)
2019-03-25 17:39:17.427 +06 [12880] –û–ü–ï–†–ê–¢–û–†:  SELECT "GroupBy1"."A1" AS "C1" FROM (SELECT CAST (count(1) AS int4) AS "A1" FROM "dbo"."__MigrationHistory" AS "Extent1") AS "GroupBy1"
2019-03-25 17:39:17.627 +06 [12880] –û–®–ò–ë–ö–ê:  –æ—Ç–Ω–æ—à–µ–Ω–∏–µ "dbo.EdmMetadata" –Ω–µ —Å—É—â–µ—Å—Ç–≤—É–µ—Ç (—Å–∏–º–≤–æ–ª 51)
2019-03-25 17:39:17.627 +06 [12880] –û–ü–ï–†–ê–¢–û–†:  SELECT "Extent1"."Id", "Extent1"."ModelHash" FROM "dbo"."EdmMetadata" AS "Extent1" ORDER BY "Extent1"."Id" DESC  LIMIT 1
2019-03-25 17:48:26.661 +06 [12880] –û–®–ò–ë–ö–ê:  –æ—Ç–Ω–æ—à–µ–Ω–∏–µ "public.Conversations" –Ω–µ —Å—É—â–µ—Å—Ç–≤—É–µ—Ç (—Å–∏–º–≤–æ–ª 66)
2019-03-25 17:48:26.661 +06 [12880] –û–ü–ï–†–ê–¢–û–†:  SELECT "Extent1"."id", "Extent1"."user1", "Extent1"."user2" FROM "public"."Conversations" AS "Extent1" WHERE "Extent1"."user1" = (('timur.keten@gmail.com')) OR "Extent1"."user1" IS NULL AND (('timur.keten@gmail.com')) IS NULL OR ("Extent1"."user2" = (('timur.keten@gmail.com')) OR "Extent1"."user2" IS NULL AND (('timur.keten@gmail.com')) IS NULL)
2019-03-25 17:48:53.071 +06 [12880] –°–û–û–ë–©–ï–ù–ò–ï:  –Ω–µ —É–¥–∞–ª–æ—Å—å –ø–æ–ª—É—á–∏—Ç—å –¥–∞–Ω–Ω—ã–µ –æ—Ç –∫–ª–∏–µ–Ω—Ç–∞: An existing connection was forcibly closed by the remote host.
	
2019-03-25 18:57:49.425 +06 [6260] –û–®–ò–ë–ö–ê:  –æ—Ç–Ω–æ—à–µ–Ω–∏–µ "public.__MigrationHistory" –Ω–µ —Å—É—â–µ—Å—Ç–≤—É–µ—Ç (—Å–∏–º–≤–æ–ª 82)
2019-03-25 18:57:49.425 +06 [6260] –û–ü–ï–†–ê–¢–û–†:  SELECT "GroupBy1"."A1" AS "C1" FROM (SELECT CAST (count(1) AS int4) AS "A1" FROM "public"."__MigrationHistory" AS "Extent1") AS "GroupBy1"
2019-03-25 18:57:49.721 +06 [6260] –û–®–ò–ë–ö–ê:  –æ—Ç–Ω–æ—à–µ–Ω–∏–µ "dbo.__MigrationHistory" –Ω–µ —Å—É—â–µ—Å—Ç–≤—É–µ—Ç (—Å–∏–º–≤–æ–ª 82)
2019-03-25 18:57:49.721 +06 [6260] –û–ü–ï–†–ê–¢–û–†:  SELECT "GroupBy1"."A1" AS "C1" FROM (SELECT CAST (count(1) AS int4) AS "A1" FROM "dbo"."__MigrationHistory" AS "Extent1") AS "GroupBy1"
2019-03-25 18:57:49.859 +06 [6260] –û–®–ò–ë–ö–ê:  –æ—Ç–Ω–æ—à–µ–Ω–∏–µ "dbo.EdmMetadata" –Ω–µ —Å—É—â–µ—Å—Ç–≤—É–µ—Ç (—Å–∏–º–≤–æ–ª 51)
2019-03-25 18:57:49.859 +06 [6260] –û–ü–ï–†–ê–¢–û–†:  SELECT "Extent1"."Id", "Extent1"."ModelHash" FROM "dbo"."EdmMetadata" AS "Extent1" ORDER BY "Extent1"."Id" DESC  LIMIT 1
2019-03-26 11:31:38.239 +06 [6052] œ–≈ƒ”œ–≈∆ƒ≈Õ»≈:  worker took too long to start; canceled
2019-03-26 11:31:46.891 +06 [22736] œ–≈ƒ”œ–≈∆ƒ≈Õ»≈:  autovacuum worker started without a worker entry
2019-03-26 21:53:28.673 +06 [9612] –°–û–û–ë–©–ï–ù–ò–ï:  –Ω–µ —É–¥–∞–ª–æ—Å—å –ø–æ–ª—É—á–∏—Ç—å –¥–∞–Ω–Ω—ã–µ –æ—Ç –∫–ª–∏–µ–Ω—Ç–∞: An existing connection was forcibly closed by the remote host.
	
2019-03-26 21:53:28.673 +06 [26272] –°–û–û–ë–©–ï–ù–ò–ï:  –Ω–µ —É–¥–∞–ª–æ—Å—å –ø–æ–ª—É—á–∏—Ç—å –¥–∞–Ω–Ω—ã–µ –æ—Ç –∫–ª–∏–µ–Ω—Ç–∞: An existing connection was forcibly closed by the remote host.
	
2019-03-26 21:53:28.673 +06 [20036] –°–û–û–ë–©–ï–ù–ò–ï:  –Ω–µ —É–¥–∞–ª–æ—Å—å –ø–æ–ª—É—á–∏—Ç—å –¥–∞–Ω–Ω—ã–µ –æ—Ç –∫–ª–∏–µ–Ω—Ç–∞: An existing connection was forcibly closed by the remote host.
	
2019-03-26 21:53:28.673 +06 [10660] –°–û–û–ë–©–ï–ù–ò–ï:  –Ω–µ —É–¥–∞–ª–æ—Å—å –ø–æ–ª—É—á–∏—Ç—å –¥–∞–Ω–Ω—ã–µ –æ—Ç –∫–ª–∏–µ–Ω—Ç–∞: An existing connection was forcibly closed by the remote host.
	
2019-03-28 20:31:55.742 +06 [6052] œ–≈ƒ”œ–≈∆ƒ≈Õ»≈:  worker took too long to start; canceled
2019-03-28 20:31:57.491 +06 [10044] œ–≈ƒ”œ–≈∆ƒ≈Õ»≈:  autovacuum worker started without a worker entry
