2019-04-27 11:30:20.913 +06 [6016] СООБЩЕНИЕ:  система БД была выключена: 2019-04-27 11:26:47 +06
2019-04-27 11:30:22.068 +06 [5500] СООБЩЕНИЕ:  система БД готова принимать подключения
2019-04-27 12:02:15.334 +06 [5560] СООБЩЕНИЕ:  используется просроченная статистика вместо текущей, так как сборщик статистики не отвечает
2019-04-27 12:06:29.578 +06 [5560] СООБЩЕНИЕ:  используется просроченная статистика вместо текущей, так как сборщик статистики не отвечает
2019-04-27 12:13:31.373 +06 [5560] СООБЩЕНИЕ:  используется просроченная статистика вместо текущей, так как сборщик статистики не отвечает
2019-04-27 12:13:46.484 +06 [5560] СООБЩЕНИЕ:  используется просроченная статистика вместо текущей, так как сборщик статистики не отвечает
2019-04-27 12:17:51.083 +06 [5560] СООБЩЕНИЕ:  используется просроченная статистика вместо текущей, так как сборщик статистики не отвечает
2019-04-27 12:18:36.069 +06 [5560] СООБЩЕНИЕ:  используется просроченная статистика вместо текущей, так как сборщик статистики не отвечает
2019-04-27 12:18:51.191 +06 [5560] СООБЩЕНИЕ:  используется просроченная статистика вместо текущей, так как сборщик статистики не отвечает
2019-04-30 12:22:40.464 +06 [7988] РћРЁРР‘РљРђ:  РѕС‚РЅРѕС€РµРЅРёРµ "public.__MigrationHistory" РЅРµ СЃСѓС‰РµСЃС‚РІСѓРµС‚ (СЃРёРјРІРѕР» 82)
2019-04-30 12:22:40.464 +06 [7988] РћРџР•Р РђРўРћР :  SELECT "GroupBy1"."A1" AS "C1" FROM (SELECT CAST (count(1) AS int4) AS "A1" FROM "public"."__MigrationHistory" AS "Extent1") AS "GroupBy1"
2019-04-30 12:22:40.584 +06 [7988] РћРЁРР‘РљРђ:  РѕС‚РЅРѕС€РµРЅРёРµ "dbo.__MigrationHistory" РЅРµ СЃСѓС‰РµСЃС‚РІСѓРµС‚ (СЃРёРјРІРѕР» 82)
2019-04-30 12:22:40.584 +06 [7988] РћРџР•Р РђРўРћР :  SELECT "GroupBy1"."A1" AS "C1" FROM (SELECT CAST (count(1) AS int4) AS "A1" FROM "dbo"."__MigrationHistory" AS "Extent1") AS "GroupBy1"
2019-04-30 12:22:40.818 +06 [7988] РћРЁРР‘РљРђ:  РѕС‚РЅРѕС€РµРЅРёРµ "dbo.EdmMetadata" РЅРµ СЃСѓС‰РµСЃС‚РІСѓРµС‚ (СЃРёРјРІРѕР» 51)
2019-04-30 12:22:40.818 +06 [7988] РћРџР•Р РђРўРћР :  SELECT "Extent1"."Id", "Extent1"."ModelHash" FROM "dbo"."EdmMetadata" AS "Extent1" ORDER BY "Extent1"."Id" DESC  LIMIT 1
2019-04-30 13:57:50.770 +06 [796] РЎРћРћР‘Р©Р•РќРР•:  РЅРµ СѓРґР°Р»РѕСЃСЊ РїРѕР»СѓС‡РёС‚СЊ РґР°РЅРЅС‹Рµ РѕС‚ РєР»РёРµРЅС‚Р°: An existing connection was forcibly closed by the remote host.
	
2019-04-30 14:00:48.596 +06 [3724] РћРЁРР‘РљРђ:  РѕС‚РЅРѕС€РµРЅРёРµ "public.__MigrationHistory" РЅРµ СЃСѓС‰РµСЃС‚РІСѓРµС‚ (СЃРёРјРІРѕР» 82)
2019-04-30 14:00:48.596 +06 [3724] РћРџР•Р РђРўРћР :  SELECT "GroupBy1"."A1" AS "C1" FROM (SELECT CAST (count(1) AS int4) AS "A1" FROM "public"."__MigrationHistory" AS "Extent1") AS "GroupBy1"
2019-04-30 14:00:48.662 +06 [3724] РћРЁРР‘РљРђ:  РѕС‚РЅРѕС€РµРЅРёРµ "dbo.__MigrationHistory" РЅРµ СЃСѓС‰РµСЃС‚РІСѓРµС‚ (СЃРёРјРІРѕР» 82)
2019-04-30 14:00:48.662 +06 [3724] РћРџР•Р РђРўРћР :  SELECT "GroupBy1"."A1" AS "C1" FROM (SELECT CAST (count(1) AS int4) AS "A1" FROM "dbo"."__MigrationHistory" AS "Extent1") AS "GroupBy1"
2019-04-30 14:00:48.810 +06 [3724] РћРЁРР‘РљРђ:  РѕС‚РЅРѕС€РµРЅРёРµ "dbo.EdmMetadata" РЅРµ СЃСѓС‰РµСЃС‚РІСѓРµС‚ (СЃРёРјРІРѕР» 51)
2019-04-30 14:00:48.810 +06 [3724] РћРџР•Р РђРўРћР :  SELECT "Extent1"."Id", "Extent1"."ModelHash" FROM "dbo"."EdmMetadata" AS "Extent1" ORDER BY "Extent1"."Id" DESC  LIMIT 1
2019-04-30 14:01:21.076 +06 [3724] РЎРћРћР‘Р©Р•РќРР•:  РЅРµ СѓРґР°Р»РѕСЃСЊ РїРѕР»СѓС‡РёС‚СЊ РґР°РЅРЅС‹Рµ РѕС‚ РєР»РёРµРЅС‚Р°: An existing connection was forcibly closed by the remote host.
	
2019-04-30 14:01:57.642 +06 [6640] РћРЁРР‘РљРђ:  РѕС‚РЅРѕС€РµРЅРёРµ "public.__MigrationHistory" РЅРµ СЃСѓС‰РµСЃС‚РІСѓРµС‚ (СЃРёРјРІРѕР» 82)
2019-04-30 14:01:57.642 +06 [6640] РћРџР•Р РђРўРћР :  SELECT "GroupBy1"."A1" AS "C1" FROM (SELECT CAST (count(1) AS int4) AS "A1" FROM "public"."__MigrationHistory" AS "Extent1") AS "GroupBy1"
2019-04-30 14:01:57.709 +06 [6640] РћРЁРР‘РљРђ:  РѕС‚РЅРѕС€РµРЅРёРµ "dbo.__MigrationHistory" РЅРµ СЃСѓС‰РµСЃС‚РІСѓРµС‚ (СЃРёРјРІРѕР» 82)
2019-04-30 14:01:57.709 +06 [6640] РћРџР•Р РђРўРћР :  SELECT "GroupBy1"."A1" AS "C1" FROM (SELECT CAST (count(1) AS int4) AS "A1" FROM "dbo"."__MigrationHistory" AS "Extent1") AS "GroupBy1"
2019-04-30 14:01:57.854 +06 [6640] РћРЁРР‘РљРђ:  РѕС‚РЅРѕС€РµРЅРёРµ "dbo.EdmMetadata" РЅРµ СЃСѓС‰РµСЃС‚РІСѓРµС‚ (СЃРёРјРІРѕР» 51)
2019-04-30 14:01:57.854 +06 [6640] РћРџР•Р РђРўРћР :  SELECT "Extent1"."Id", "Extent1"."ModelHash" FROM "dbo"."EdmMetadata" AS "Extent1" ORDER BY "Extent1"."Id" DESC  LIMIT 1
